<?xml version="1.0" encoding="UTF-8"?>
<!-- Generated by org.testng.reporters.JUnitReportReporter -->
<testsuite hostname="ЄремеєвAllinOne" failures="0" tests="7" name="practice4.TestsTask3" time="0.001" errors="0" timestamp="2021-04-08T21:17:48 EEST" skipped="0">
  <testcase classname="practice4.TestsTask3" name="testWithPositiveStartAndStepParameters" time="0.001"/>
  <system-out/>
  <testcase classname="practice4.TestsTask3" name="testWithZeroStart" time="0.000"/>
  <system-out/>
  <testcase classname="practice4.TestsTask3" name="testForIllegalArgumentException" time="0.000"/>
  <system-out/>
  <testcase classname="practice4.TestsTask3" name="testWithZeroStep" time="0.000"/>
  <system-out/>
  <testcase classname="practice4.TestsTask3" name="testWithNegativeStep" time="0.000"/>
  <system-out/>
  <testcase classname="practice4.TestsTask3" name="testWithSingleElementProgression" time="0.000"/>
  <system-out/>
  <testcase classname="practice4.TestsTask3" name="testWithNegativeStart" time="0.000"/>
  <system-out/>
</testsuite> <!-- practice4.TestsTask3 -->
