<?xml version="1.0" encoding="UTF-8"?>
<!-- Generated by org.testng.reporters.JUnitReportReporter -->
<testsuite hostname="ЄремеєвAllinOne" failures="0" tests="4" name="practice4.TestsTask1" time="0.012" errors="0" timestamp="2021-04-08T21:17:48 EEST" skipped="0">
  <testcase classname="practice4.TestsTask1" name="testForIllegalArgument" time="0.009"/>
  <system-out/>
  <testcase classname="practice4.TestsTask1" name="testWithSortedArrayAscending" time="0.000"/>
  <system-out/>
  <testcase classname="practice4.TestsTask1" name="testWithNotSortedArray" time="0.003"/>
  <system-out/>
  <testcase classname="practice4.TestsTask1" name="testWithSortedArrayDescending" time="0.000"/>
  <system-out/>
</testsuite> <!-- practice4.TestsTask1 -->
