<?xml version="1.0" encoding="UTF-8" ?>
<testsuite tests="17" failures="0" name="TestSuite" time="0.019" errors="0" skipped="0">
  <properties>
    <property name="idea.version" value="2020.2.4"/>
    <property name="java.runtime.name" value="OpenJDK Runtime Environment"/>
    <property name="java.vm.version" value="11.0.8+10-LTS"/>
    <property name="sun.boot.library.path" value="C:\Program Files\Java\AmazonCorretto\jdk11.0.8_10\bin"/>
    <property name="maven.multiModuleProjectDirectory" value="F:\EPAM\HomeWork\Drafts\HomeWork4"/>
    <property name="java.vm.vendor" value="Amazon.com Inc."/>
    <property name="java.vendor.url" value="https://aws.amazon.com/corretto/"/>
    <property name="guice.disable.misplaced.annotation.check" value="true"/>
    <property name="path.separator" value=";"/>
    <property name="java.vm.name" value="OpenJDK 64-Bit Server VM"/>
    <property name="sun.os.patch.level" value="Service Pack 1"/>
    <property name="user.script" value=""/>
    <property name="user.country" value="RU"/>
    <property name="sun.java.launcher" value="SUN_STANDARD"/>
    <property name="java.vm.specification.name" value="Java Virtual Machine Specification"/>
    <property name="user.dir" value="F:\EPAM\HomeWork\Drafts\HomeWork4"/>
    <property name="java.vm.compressedOopsMode" value="32-bit"/>
    <property name="java.runtime.version" value="11.0.8+10-LTS"/>
    <property name="java.awt.graphicsenv" value="sun.awt.Win32GraphicsEnvironment"/>
    <property name="os.arch" value="amd64"/>
    <property name="java.io.tmpdir" value="C:\Users\034A~1\AppData\Local\Temp\"/>
    <property name="line.separator" value="
"/>
    <property name="java.vm.specification.vendor" value="Oracle Corporation"/>
    <property name="user.variant" value=""/>
    <property name="os.name" value="Windows 7"/>
    <property name="maven.ext.class.path" value="F:\IDE\IntelliJ IDEA 2020.2\plugins\maven\lib\maven-event-listener.jar"/>
    <property name="classworlds.conf" value="F:\IDE\IntelliJ IDEA 2020.2\plugins\maven\lib\maven3\bin\m2.conf"/>
    <property name="sun.jnu.encoding" value="Cp1251"/>
    <property name="java.library.path" value="C:\Program Files\Java\AmazonCorretto\jdk11.0.8_10\bin;C:\Windows\Sun\Java\bin;C:\Windows\system32;C:\Windows;C:\Program Files\Java\AmazonCorretto\jdk11.0.8_10\bin;C:\Program Files (x86)\Common Files\Oracle\Java\javapath;C:\Program Files\Common Files\Microsoft Shared\Windows Live;C:\Program Files (x86)\Common Files\Microsoft Shared\Windows Live;c:\Program Files (x86)\AMD APP\bin\x86_64;c:\Program Files (x86)\AMD APP\bin\x86;C:\Windows\system32;C:\Windows;C:\Windows\System32\Wbem;C:\Windows\System32\WindowsPowerShell\v1.0\;c:\Program Files (x86)\ATI Technologies\ATI.ACE\Core-Static;c:\Program Files\WIDCOMM\Bluetooth Software\;c:\Program Files\WIDCOMM\Bluetooth Software\syswow64;C:\Program Files (x86)\Windows Live\Shared;C:\Program Files (x86)\Intel\Services\IPT\;C:\Program Files (x86)\Common Files\Acronis\SnapAPI\;C:\Strawberry\c\bin;C:\Strawberry\perl\site\bin;C:\Strawberry\perl\bin;F:\IDE\NodeJS\;F:\IDE\BracketsIDE\command;C:\Program Files\Git\cmd;C:\Users\Єремеєви\.windows-build-tools\python27\;C:\Program Files\MySQL\MySQL Shell 8.0\bin\;C:\Users\Єремеєви\AppData\Local\Programs\Microsoft VS Code\bin;F:\IDE\Maven\apache-maven-3.6.3\bin;C:\Users\Єремеєви\AppData\Local\GitHubDesktop\bin;F:\IDE\IntelliJ IDEA 2020.2\bin;;C:\Users\Єремеєви\AppData\Roaming\npm;F:\IDE\DB\sqlite-tools-win32-x86-3340100;."/>
    <property name="maven.conf" value="F:\IDE\IntelliJ IDEA 2020.2\plugins\maven\lib\maven3/conf"/>
    <property name="jdk.debug" value="release"/>
    <property name="java.class.version" value="55.0"/>
    <property name="java.specification.name" value="Java Platform API Specification"/>
    <property name="sun.management.compiler" value="HotSpot 64-Bit Tiered Compilers"/>
    <property name="os.version" value="6.1"/>
    <property name="user.home" value="C:\Users\Єремеєви"/>
    <property name="user.timezone" value="Europe/Helsinki"/>
    <property name="java.awt.printerjob" value="sun.awt.windows.WPrinterJob"/>
    <property name="file.encoding" value="UTF-8"/>
    <property name="java.specification.version" value="11"/>
    <property name="user.name" value="Єремеєви"/>
    <property name="java.class.path" value="F:\IDE\IntelliJ IDEA 2020.2\plugins\maven\lib\maven3\boot\plexus-classworlds-2.6.0.jar;F:\IDE\IntelliJ IDEA 2020.2\plugins\maven\lib\maven3\boot\plexus-classworlds.license"/>
    <property name="java.vm.specification.version" value="11"/>
    <property name="sun.arch.data.model" value="64"/>
    <property name="sun.java.command" value="org.codehaus.classworlds.Launcher -Didea.version=2020.2.4 clean install"/>
    <property name="java.home" value="C:\Program Files\Java\AmazonCorretto\jdk11.0.8_10"/>
    <property name="user.language" value="ru"/>
    <property name="java.specification.vendor" value="Oracle Corporation"/>
    <property name="awt.toolkit" value="sun.awt.windows.WToolkit"/>
    <property name="java.vm.info" value="mixed mode"/>
    <property name="java.version" value="11.0.8"/>
    <property name="java.vendor" value="Amazon.com Inc."/>
    <property name="maven.home" value="F:\IDE\IntelliJ IDEA 2020.2\plugins\maven\lib\maven3"/>
    <property name="file.separator" value="\"/>
    <property name="java.version.date" value="2020-07-14"/>
    <property name="java.vendor.url.bug" value="https://github.com/corretto/corretto-11/issues/"/>
    <property name="sun.io.unicode.encoding" value="UnicodeLittle"/>
    <property name="sun.cpu.endian" value="little"/>
    <property name="java.vendor.version" value="Corretto-11.0.8.10.1"/>
    <property name="sun.desktop" value="windows"/>
    <property name="sun.cpu.isalist" value="amd64"/>
  </properties>
  <testcase classname="practice4.TestsTask1" name="testForIllegalArgument" time="0.01"/>
  <testcase classname="practice4.TestsTask1" name="testWithNotSortedArray" time="0.003"/>
  <testcase classname="practice4.TestsTask1" name="testWithSortedArrayAscending" time="0.001"/>
  <testcase classname="practice4.TestsTask1" name="testWithSortedArrayDescending" time="0"/>
  <testcase classname="practice4.TestsTask2" name="testForIllegalArgument" time="0.001"/>
  <testcase classname="practice4.TestsTask2" name="testForNotSorted" time="0"/>
  <testcase classname="practice4.TestsTask2" name="testForSortedAscending" time="0"/>
  <testcase classname="practice4.TestsTask2" name="testForSortedDescending" time="0"/>
  <testcase classname="practice4.TestsTask3" name="testForIllegalArgumentException" time="0.001"/>
  <testcase classname="practice4.TestsTask3" name="testWithNegativeStart" time="0"/>
  <testcase classname="practice4.TestsTask3" name="testWithNegativeStep" time="0"/>
  <testcase classname="practice4.TestsTask3" name="testWithPositiveStartAndStepParameters" time="0"/>
  <testcase classname="practice4.TestsTask3" name="testWithSingleElementProgression" time="0.001"/>
  <testcase classname="practice4.TestsTask3" name="testWithZeroStart" time="0"/>
  <testcase classname="practice4.TestsTask3" name="testWithZeroStep" time="0"/>
  <testcase classname="practice4.TestsTask4" name="testForIllegalArgumentException" time="0.001"/>
  <testcase classname="practice4.TestsTask4" name="testWithValidParameters" time="0.001"/>
</testsuite>